<?xml version="1.0" encoding="UTF-8"?>
<!-- Generated by org.testng.reporters.JUnitReportReporter -->
<testsuite hostname="DESKTOP-2FDL139" failures="0" tests="1" name="testCases.TC001_AccountRegistrationTest" time="9.409" errors="0" timestamp="2024-07-30T20:12:20 IST" skipped="0">
  <testcase classname="testCases.TC001_AccountRegistrationTest" name="verify_account_registration" time="9.409"/>
</testsuite> <!-- testCases.TC001_AccountRegistrationTest -->
