<?xml version="1.0" encoding="UTF-8"?>
<!-- Generated by org.testng.reporters.JUnitReportReporter -->
<testsuite hostname="DESKTOP-2FDL139" failures="0" tests="1" name="testCases.TC002_LoginTest" time="5.676" errors="0" timestamp="2024-07-31T17:38:48 IST" skipped="0">
  <testcase classname="testCases.TC002_LoginTest" name="verify_login" time="5.676"/>
</testsuite> <!-- testCases.TC002_LoginTest -->
